{
  "RSpec": {
    "coverage": {
      "/Users/riannemccartney/Projects/tech_tests/bank_test/spec/account_spec.rb": [
        null,
        null,
        1,
        1,
        null,
        1,
        1,
        1,
        1,
        null,
        null,
        1,
        1,
        4,
        null,
        null,
        null,
        1,
        1,
        4,
        null,
        null,
        null,
        null
      ],
      "/Users/riannemccartney/Projects/tech_tests/bank_test/lib/account.rb": [
        null,
        null,
        1,
        1,
        1,
        1,
        3,
        3,
        null,
        null,
        1,
        1,
        1,
        null,
        null,
        1,
        1,
        1,
        null,
        null,
        1,
        0,
        null,
        null
      ],
      "/Users/riannemccartney/Projects/tech_tests/bank_test/lib/schedule.rb": [
        1,
        null,
        1,
        1,
        1,
        8,
        8,
        null,
        null,
        1,
        8,
        null,
        null,
        1,
        0,
        0,
        0,
        null,
        null
      ],
      "/Users/riannemccartney/Projects/tech_tests/bank_test/spec/features_spec.rb": [
        null,
        null,
        null,
        null,
        null,
        null,
        null,
        null,
        null,
        null,
        null
      ],
      "/Users/riannemccartney/Projects/tech_tests/bank_test/spec/schedule_spec.rb": [
        null,
        null,
        1,
        1,
        null,
        1,
        null,
        1,
        1,
        1,
        null,
        null,
        null,
        1,
        1,
        4,
        4,
        null,
        null,
        1,
        1,
        1,
        1,
        null,
        null,
        1,
        1,
        1,
        1,
        null,
        null,
        1,
        1,
        1,
        1,
        1,
        null,
        null,
        1,
        1,
        1,
        1,
        1,
        null,
        null
      ]
    },
    "timestamp": 1566774000
  }
}
